I, [2016-09-19T20:19:41.823689 #31149]  INFO -- default-sbeliakou-centos-67-x86-64: -----> Cleaning up any prior instances of <default-sbeliakou-centos-67-x86-64>
I, [2016-09-19T20:19:41.824518 #31149]  INFO -- default-sbeliakou-centos-67-x86-64: -----> Destroying <default-sbeliakou-centos-67-x86-64>...
I, [2016-09-19T20:19:43.303632 #31149]  INFO -- default-sbeliakou-centos-67-x86-64: ==> default: VM not created. Moving on...
I, [2016-09-19T20:19:43.338547 #31149]  INFO -- default-sbeliakou-centos-67-x86-64: Vagrant instance <default-sbeliakou-centos-67-x86-64> destroyed.
I, [2016-09-19T20:19:43.340261 #31149]  INFO -- default-sbeliakou-centos-67-x86-64: Finished destroying <default-sbeliakou-centos-67-x86-64> (0m1.51s).
I, [2016-09-19T20:19:43.340586 #31149]  INFO -- default-sbeliakou-centos-67-x86-64: -----> Testing <default-sbeliakou-centos-67-x86-64>
I, [2016-09-19T20:19:43.340667 #31149]  INFO -- default-sbeliakou-centos-67-x86-64: -----> Creating <default-sbeliakou-centos-67-x86-64>...
I, [2016-09-19T20:19:44.655671 #31149]  INFO -- default-sbeliakou-centos-67-x86-64: Bringing machine 'default' up with 'virtualbox' provider...
I, [2016-09-19T20:19:44.777171 #31149]  INFO -- default-sbeliakou-centos-67-x86-64: ==> default: Importing base box 'sbeliakou/centos-6.7-x86_64'...
I, [2016-09-19T20:20:02.269716 #31149]  INFO -- default-sbeliakou-centos-67-x86-64: [KProgress: 20%[KProgress: 30%[KProgress: 40%[KProgress: 50%[KProgress: 70%[KProgress: 90%[K==> default: Matching MAC address for NAT networking...
I, [2016-09-19T20:20:03.001035 #31149]  INFO -- default-sbeliakou-centos-67-x86-64: ==> default: Setting the name of the VM: kitchen-jenkins-default-sbeliakou-centos-67-x86-64_default_1474305602961_27996
I, [2016-09-19T20:20:04.169544 #31149]  INFO -- default-sbeliakou-centos-67-x86-64: ==> default: Fixed port collision for 22 => 2222. Now on port 2203.
I, [2016-09-19T20:20:04.217993 #31149]  INFO -- default-sbeliakou-centos-67-x86-64: ==> default: Clearing any previously set network interfaces...
I, [2016-09-19T20:20:04.340919 #31149]  INFO -- default-sbeliakou-centos-67-x86-64: ==> default: Preparing network interfaces based on configuration...
I, [2016-09-19T20:20:04.341416 #31149]  INFO -- default-sbeliakou-centos-67-x86-64:     default: Adapter 1: nat
I, [2016-09-19T20:20:04.458680 #31149]  INFO -- default-sbeliakou-centos-67-x86-64: ==> default: Forwarding ports...
I, [2016-09-19T20:20:04.503198 #31149]  INFO -- default-sbeliakou-centos-67-x86-64:     default: 22 (guest) => 2203 (host) (adapter 1)
I, [2016-09-19T20:20:04.870175 #31149]  INFO -- default-sbeliakou-centos-67-x86-64: ==> default: Booting VM...
I, [2016-09-19T20:20:05.391416 #31149]  INFO -- default-sbeliakou-centos-67-x86-64: ==> default: Waiting for machine to boot. This may take a few minutes...
I, [2016-09-19T20:20:05.658680 #31149]  INFO -- default-sbeliakou-centos-67-x86-64:     default: SSH address: 127.0.0.1:2203
I, [2016-09-19T20:20:05.658934 #31149]  INFO -- default-sbeliakou-centos-67-x86-64:     default: SSH username: vagrant
I, [2016-09-19T20:20:05.659141 #31149]  INFO -- default-sbeliakou-centos-67-x86-64:     default: SSH auth method: private key
