I, [2016-09-19T19:56:57.640715 #25451]  INFO -- default-centos-67: -----> Converging <default-centos-67>...
I, [2016-09-19T19:56:57.641501 #25451]  INFO -- default-centos-67: Preparing files for transfer
I, [2016-09-19T19:56:57.641661 #25451]  INFO -- default-centos-67: Preparing dna.json
I, [2016-09-19T19:56:57.642061 #25451]  INFO -- default-centos-67: Preparing current project directory as a cookbook
I, [2016-09-19T19:56:57.644281 #25451]  INFO -- default-centos-67: Removing non-cookbook files before transfer
I, [2016-09-19T19:56:57.645343 #25451]  INFO -- default-centos-67: Preparing solo.rb
I, [2016-09-19T19:56:57.729468 #25451]  INFO -- default-centos-67: [SSH] connection failed, retrying in 1 seconds (#<Net::SSH::AuthenticationFailed: Authentication failed for user vagrant@127.0.0.1>)
I, [2016-09-19T19:56:58.785000 #25451]  INFO -- default-centos-67: [SSH] connection failed, retrying in 1 seconds (#<Net::SSH::AuthenticationFailed: Authentication failed for user vagrant@127.0.0.1>)
I, [2016-09-19T19:56:59.845013 #25451]  INFO -- default-centos-67: [SSH] connection failed, retrying in 1 seconds (#<Net::SSH::AuthenticationFailed: Authentication failed for user vagrant@127.0.0.1>)
I, [2016-09-19T19:57:00.898026 #25451]  INFO -- default-centos-67: [SSH] connection failed, retrying in 1 seconds (#<Net::SSH::AuthenticationFailed: Authentication failed for user vagrant@127.0.0.1>)
W, [2016-09-19T19:57:01.955207 #25451]  WARN -- default-centos-67: [SSH] connection failed, terminating (#<Net::SSH::AuthenticationFailed: Authentication failed for user vagrant@127.0.0.1>)
E, [2016-09-19T19:57:01.956307 #25451] ERROR -- default-centos-67: Converge failed on instance <default-centos-67>.
E, [2016-09-19T19:57:01.956481 #25451] ERROR -- default-centos-67: ------Exception-------
E, [2016-09-19T19:57:01.956532 #25451] ERROR -- default-centos-67: Class: Kitchen::ActionFailed
E, [2016-09-19T19:57:01.956570 #25451] ERROR -- default-centos-67: Message: SSH session could not be established
E, [2016-09-19T19:57:01.956605 #25451] ERROR -- default-centos-67: ----------------------
E, [2016-09-19T19:57:01.956640 #25451] ERROR -- default-centos-67: ------Backtrace-------
E, [2016-09-19T19:57:01.956674 #25451] ERROR -- default-centos-67: /home/Student/.rvm/gems/ruby-2.3.0/gems/test-kitchen-1.13.0/lib/kitchen/provisioner/base.rb:86:in `rescue in call'
E, [2016-09-19T19:57:01.956710 #25451] ERROR -- default-centos-67: /home/Student/.rvm/gems/ruby-2.3.0/gems/test-kitchen-1.13.0/lib/kitchen/provisioner/base.rb:89:in `call'
E, [2016-09-19T19:57:01.956750 #25451] ERROR -- default-centos-67: /home/Student/.rvm/gems/ruby-2.3.0/gems/test-kitchen-1.13.0/lib/kitchen/instance.rb:380:in `block in converge_action'
E, [2016-09-19T19:57:01.956788 #25451] ERROR -- default-centos-67: /home/Student/.rvm/gems/ruby-2.3.0/gems/test-kitchen-1.13.0/lib/kitchen/instance.rb:520:in `synchronize_or_call'
E, [2016-09-19T19:57:01.956823 #25451] ERROR -- default-centos-67: /home/Student/.rvm/gems/ruby-2.3.0/gems/test-kitchen-1.13.0/lib/kitchen/instance.rb:485:in `block in action'
E, [2016-09-19T19:57:01.956863 #25451] ERROR -- default-centos-67: /home/Student/.rvm/rubies/ruby-2.3.0/lib/ruby/2.3.0/benchmark.rb:293:in `measure'
E, [2016-09-19T19:57:01.956898 #25451] ERROR -- default-centos-67: /home/Student/.rvm/gems/ruby-2.3.0/gems/test-kitchen-1.13.0/lib/kitchen/instance.rb:484:in `action'
E, [2016-09-19T19:57:01.956933 #25451] ERROR -- default-centos-67: /home/Student/.rvm/gems/ruby-2.3.0/gems/test-kitchen-1.13.0/lib/kitchen/instance.rb:376:in `converge_action'
E, [2016-09-19T19:57:01.956968 #25451] ERROR -- default-centos-67: /home/Student/.rvm/gems/ruby-2.3.0/gems/test-kitchen-1.13.0/lib/kitchen/instance.rb:355:in `block in transition_to'
E, [2016-09-19T19:57:01.957003 #25451] ERROR -- default-centos-67: /home/Student/.rvm/gems/ruby-2.3.0/gems/test-kitchen-1.13.0/lib/kitchen/instance.rb:354:in `each'
E, [2016-09-19T19:57:01.957038 #25451] ERROR -- default-centos-67: /home/Student/.rvm/gems/ruby-2.3.0/gems/test-kitchen-1.13.0/lib/kitchen/instance.rb:354:in `transition_to'
E, [2016-09-19T19:57:01.957095 #25451] ERROR -- default-centos-67: /home/Student/.rvm/gems/ruby-2.3.0/gems/test-kitchen-1.13.0/lib/kitchen/instance.rb:160:in `verify'
E, [2016-09-19T19:57:01.957180 #25451] ERROR -- default-centos-67: /home/Student/.rvm/gems/ruby-2.3.0/gems/test-kitchen-1.13.0/lib/kitchen/command.rb:201:in `public_send'
E, [2016-09-19T19:57:01.957218 #25451] ERROR -- default-centos-67: /home/Student/.rvm/gems/ruby-2.3.0/gems/test-kitchen-1.13.0/lib/kitchen/command.rb:201:in `run_action_in_thread'
E, [2016-09-19T19:57:01.957257 #25451] ERROR -- default-centos-67: /home/Student/.rvm/gems/ruby-2.3.0/gems/test-kitchen-1.13.0/lib/kitchen/command.rb:173:in `block (2 levels) in run_action'
E, [2016-09-19T19:57:01.957293 #25451] ERROR -- default-centos-67: ----End Backtrace-----
E, [2016-09-19T19:57:01.957327 #25451] ERROR -- default-centos-67: ---Nested Exception---
E, [2016-09-19T19:57:01.957360 #25451] ERROR -- default-centos-67: Class: Kitchen::Transport::SshFailed
E, [2016-09-19T19:57:01.957394 #25451] ERROR -- default-centos-67: Message: SSH session could not be established
E, [2016-09-19T19:57:01.957427 #25451] ERROR -- default-centos-67: ----------------------
E, [2016-09-19T19:57:01.957461 #25451] ERROR -- default-centos-67: ------Backtrace-------
E, [2016-09-19T19:57:01.957494 #25451] ERROR -- default-centos-67: /home/Student/.rvm/gems/ruby-2.3.0/gems/test-kitchen-1.13.0/lib/kitchen/provisioner/base.rb:86:in `rescue in call'
E, [2016-09-19T19:57:01.957528 #25451] ERROR -- default-centos-67: /home/Student/.rvm/gems/ruby-2.3.0/gems/test-kitchen-1.13.0/lib/kitchen/provisioner/base.rb:89:in `call'
E, [2016-09-19T19:57:01.957563 #25451] ERROR -- default-centos-67: /home/Student/.rvm/gems/ruby-2.3.0/gems/test-kitchen-1.13.0/lib/kitchen/instance.rb:380:in `block in converge_action'
E, [2016-09-19T19:57:01.957597 #25451] ERROR -- default-centos-67: /home/Student/.rvm/gems/ruby-2.3.0/gems/test-kitchen-1.13.0/lib/kitchen/instance.rb:520:in `synchronize_or_call'
E, [2016-09-19T19:57:01.957635 #25451] ERROR -- default-centos-67: /home/Student/.rvm/gems/ruby-2.3.0/gems/test-kitchen-1.13.0/lib/kitchen/instance.rb:485:in `block in action'
E, [2016-09-19T19:57:01.957670 #25451] ERROR -- default-centos-67: /home/Student/.rvm/rubies/ruby-2.3.0/lib/ruby/2.3.0/benchmark.rb:293:in `measure'
E, [2016-09-19T19:57:01.957705 #25451] ERROR -- default-centos-67: /home/Student/.rvm/gems/ruby-2.3.0/gems/test-kitchen-1.13.0/lib/kitchen/instance.rb:484:in `action'
E, [2016-09-19T19:57:01.957739 #25451] ERROR -- default-centos-67: /home/Student/.rvm/gems/ruby-2.3.0/gems/test-kitchen-1.13.0/lib/kitchen/instance.rb:376:in `converge_action'
E, [2016-09-19T19:57:01.957773 #25451] ERROR -- default-centos-67: /home/Student/.rvm/gems/ruby-2.3.0/gems/test-kitchen-1.13.0/lib/kitchen/instance.rb:355:in `block in transition_to'
E, [2016-09-19T19:57:01.957807 #25451] ERROR -- default-centos-67: /home/Student/.rvm/gems/ruby-2.3.0/gems/test-kitchen-1.13.0/lib/kitchen/instance.rb:354:in `each'
E, [2016-09-19T19:57:01.957841 #25451] ERROR -- default-centos-67: /home/Student/.rvm/gems/ruby-2.3.0/gems/test-kitchen-1.13.0/lib/kitchen/instance.rb:354:in `transition_to'
E, [2016-09-19T19:57:01.957875 #25451] ERROR -- default-centos-67: /home/Student/.rvm/gems/ruby-2.3.0/gems/test-kitchen-1.13.0/lib/kitchen/instance.rb:160:in `verify'
E, [2016-09-19T19:57:01.957909 #25451] ERROR -- default-centos-67: /home/Student/.rvm/gems/ruby-2.3.0/gems/test-kitchen-1.13.0/lib/kitchen/command.rb:201:in `public_send'
E, [2016-09-19T19:57:01.957943 #25451] ERROR -- default-centos-67: /home/Student/.rvm/gems/ruby-2.3.0/gems/test-kitchen-1.13.0/lib/kitchen/command.rb:201:in `run_action_in_thread'
E, [2016-09-19T19:57:01.957986 #25451] ERROR -- default-centos-67: /home/Student/.rvm/gems/ruby-2.3.0/gems/test-kitchen-1.13.0/lib/kitchen/command.rb:173:in `block (2 levels) in run_action'
E, [2016-09-19T19:57:01.958021 #25451] ERROR -- default-centos-67: ----End Backtrace-----
