I, [2016-09-19T20:27:33.041953 #738]  INFO -- Kitchen: -----> Starting Kitchen (v1.13.0)
I, [2016-09-19T20:27:33.422068 #738]  INFO -- Kitchen: -----> Cleaning up any prior instances of <default-sbeliakou-centos-67-x86-64>
I, [2016-09-19T20:27:33.422911 #738]  INFO -- Kitchen: -----> Destroying <default-sbeliakou-centos-67-x86-64>...
I, [2016-09-19T20:27:34.996735 #738]  INFO -- Kitchen: -----> Testing <default-sbeliakou-centos-67-x86-64>
I, [2016-09-19T20:27:34.996921 #738]  INFO -- Kitchen: -----> Creating <default-sbeliakou-centos-67-x86-64>...
I, [2016-09-19T20:30:05.227799 #738]  INFO -- Kitchen: -----> Converging <default-sbeliakou-centos-67-x86-64>...
E, [2016-09-19T20:30:34.419014 #738] ERROR -- Kitchen: ------Exception-------
E, [2016-09-19T20:30:34.419059 #738] ERROR -- Kitchen: Class: Kitchen::ActionFailed
E, [2016-09-19T20:30:34.419078 #738] ERROR -- Kitchen: Message: 1 actions failed.
>>>>>>     Converge failed on instance <default-sbeliakou-centos-67-x86-64>.  Please see .kitchen/logs/default-sbeliakou-centos-67-x86-64.log for more details
E, [2016-09-19T20:30:34.419095 #738] ERROR -- Kitchen: ----------------------
E, [2016-09-19T20:30:34.419112 #738] ERROR -- Kitchen: ------Backtrace-------
E, [2016-09-19T20:30:34.419128 #738] ERROR -- Kitchen: /home/Student/.rvm/gems/ruby-2.3.0/gems/test-kitchen-1.13.0/lib/kitchen/command.rb:187:in `report_errors'
E, [2016-09-19T20:30:34.419145 #738] ERROR -- Kitchen: /home/Student/.rvm/gems/ruby-2.3.0/gems/test-kitchen-1.13.0/lib/kitchen/command.rb:178:in `run_action'
E, [2016-09-19T20:30:34.419161 #738] ERROR -- Kitchen: /home/Student/.rvm/gems/ruby-2.3.0/gems/test-kitchen-1.13.0/lib/kitchen/command/test.rb:45:in `block in call'
E, [2016-09-19T20:30:34.419178 #738] ERROR -- Kitchen: /home/Student/.rvm/rubies/ruby-2.3.0/lib/ruby/2.3.0/benchmark.rb:293:in `measure'
E, [2016-09-19T20:30:34.419211 #738] ERROR -- Kitchen: /home/Student/.rvm/gems/ruby-2.3.0/gems/test-kitchen-1.13.0/lib/kitchen/command/test.rb:41:in `call'
E, [2016-09-19T20:30:34.419228 #738] ERROR -- Kitchen: /home/Student/.rvm/gems/ruby-2.3.0/gems/test-kitchen-1.13.0/lib/kitchen/cli.rb:56:in `perform'
E, [2016-09-19T20:30:34.419245 #738] ERROR -- Kitchen: /home/Student/.rvm/gems/ruby-2.3.0/gems/test-kitchen-1.13.0/lib/kitchen/cli.rb:233:in `test'
E, [2016-09-19T20:30:34.419262 #738] ERROR -- Kitchen: /home/Student/.rvm/gems/ruby-2.3.0/gems/thor-0.19.1/lib/thor/command.rb:27:in `run'
E, [2016-09-19T20:30:34.419306 #738] ERROR -- Kitchen: /home/Student/.rvm/gems/ruby-2.3.0/gems/thor-0.19.1/lib/thor/invocation.rb:126:in `invoke_command'
E, [2016-09-19T20:30:34.419324 #738] ERROR -- Kitchen: /home/Student/.rvm/gems/ruby-2.3.0/gems/test-kitchen-1.13.0/lib/kitchen/cli.rb:334:in `invoke_task'
E, [2016-09-19T20:30:34.419342 #738] ERROR -- Kitchen: /home/Student/.rvm/gems/ruby-2.3.0/gems/thor-0.19.1/lib/thor.rb:359:in `dispatch'
E, [2016-09-19T20:30:34.419369 #738] ERROR -- Kitchen: /home/Student/.rvm/gems/ruby-2.3.0/gems/thor-0.19.1/lib/thor/base.rb:440:in `start'
E, [2016-09-19T20:30:34.419385 #738] ERROR -- Kitchen: /home/Student/.rvm/gems/ruby-2.3.0/gems/test-kitchen-1.13.0/bin/kitchen:13:in `block in <top (required)>'
E, [2016-09-19T20:30:34.419402 #738] ERROR -- Kitchen: /home/Student/.rvm/gems/ruby-2.3.0/gems/test-kitchen-1.13.0/lib/kitchen/errors.rb:174:in `with_friendly_errors'
E, [2016-09-19T20:30:34.419430 #738] ERROR -- Kitchen: /home/Student/.rvm/gems/ruby-2.3.0/gems/test-kitchen-1.13.0/bin/kitchen:13:in `<top (required)>'
E, [2016-09-19T20:30:34.419447 #738] ERROR -- Kitchen: /home/Student/.rvm/gems/ruby-2.3.0/bin/kitchen:23:in `load'
E, [2016-09-19T20:30:34.419484 #738] ERROR -- Kitchen: /home/Student/.rvm/gems/ruby-2.3.0/bin/kitchen:23:in `<main>'
E, [2016-09-19T20:30:34.419501 #738] ERROR -- Kitchen: /home/Student/.rvm/gems/ruby-2.3.0/bin/ruby_executable_hooks:15:in `eval'
E, [2016-09-19T20:30:34.419518 #738] ERROR -- Kitchen: /home/Student/.rvm/gems/ruby-2.3.0/bin/ruby_executable_hooks:15:in `<main>'
E, [2016-09-19T20:30:34.419535 #738] ERROR -- Kitchen: ----End Backtrace-----
E, [2016-09-19T20:30:34.419552 #738] ERROR -- Kitchen: -Composite Exception--
E, [2016-09-19T20:30:34.419575 #738] ERROR -- Kitchen: Class: Kitchen::InstanceFailure
E, [2016-09-19T20:30:34.419593 #738] ERROR -- Kitchen: Message: Converge failed on instance <default-sbeliakou-centos-67-x86-64>.  Please see .kitchen/logs/default-sbeliakou-centos-67-x86-64.log for more details
E, [2016-09-19T20:30:34.419610 #738] ERROR -- Kitchen: ----------------------
E, [2016-09-19T20:30:34.419627 #738] ERROR -- Kitchen: ------Backtrace-------
E, [2016-09-19T20:30:34.419643 #738] ERROR -- Kitchen: /home/Student/.rvm/gems/ruby-2.3.0/gems/test-kitchen-1.13.0/lib/kitchen/provisioner/base.rb:86:in `rescue in call'
E, [2016-09-19T20:30:34.419660 #738] ERROR -- Kitchen: /home/Student/.rvm/gems/ruby-2.3.0/gems/test-kitchen-1.13.0/lib/kitchen/provisioner/base.rb:89:in `call'
E, [2016-09-19T20:30:34.419677 #738] ERROR -- Kitchen: /home/Student/.rvm/gems/ruby-2.3.0/gems/test-kitchen-1.13.0/lib/kitchen/instance.rb:380:in `block in converge_action'
E, [2016-09-19T20:30:34.419694 #738] ERROR -- Kitchen: /home/Student/.rvm/gems/ruby-2.3.0/gems/test-kitchen-1.13.0/lib/kitchen/instance.rb:520:in `synchronize_or_call'
E, [2016-09-19T20:30:34.419711 #738] ERROR -- Kitchen: /home/Student/.rvm/gems/ruby-2.3.0/gems/test-kitchen-1.13.0/lib/kitchen/instance.rb:485:in `block in action'
E, [2016-09-19T20:30:34.419728 #738] ERROR -- Kitchen: /home/Student/.rvm/rubies/ruby-2.3.0/lib/ruby/2.3.0/benchmark.rb:293:in `measure'
E, [2016-09-19T20:30:34.419745 #738] ERROR -- Kitchen: /home/Student/.rvm/gems/ruby-2.3.0/gems/test-kitchen-1.13.0/lib/kitchen/instance.rb:484:in `action'
E, [2016-09-19T20:30:34.419762 #738] ERROR -- Kitchen: /home/Student/.rvm/gems/ruby-2.3.0/gems/test-kitchen-1.13.0/lib/kitchen/instance.rb:376:in `converge_action'
E, [2016-09-19T20:30:34.419796 #738] ERROR -- Kitchen: /home/Student/.rvm/gems/ruby-2.3.0/gems/test-kitchen-1.13.0/lib/kitchen/instance.rb:355:in `block in transition_to'
E, [2016-09-19T20:30:34.419815 #738] ERROR -- Kitchen: /home/Student/.rvm/gems/ruby-2.3.0/gems/test-kitchen-1.13.0/lib/kitchen/instance.rb:354:in `each'
E, [2016-09-19T20:30:34.419833 #738] ERROR -- Kitchen: /home/Student/.rvm/gems/ruby-2.3.0/gems/test-kitchen-1.13.0/lib/kitchen/instance.rb:354:in `transition_to'
E, [2016-09-19T20:30:34.419850 #738] ERROR -- Kitchen: /home/Student/.rvm/gems/ruby-2.3.0/gems/test-kitchen-1.13.0/lib/kitchen/instance.rb:160:in `verify'
E, [2016-09-19T20:30:34.419867 #738] ERROR -- Kitchen: /home/Student/.rvm/gems/ruby-2.3.0/gems/test-kitchen-1.13.0/lib/kitchen/instance.rb:189:in `block in test'
E, [2016-09-19T20:30:34.419884 #738] ERROR -- Kitchen: /home/Student/.rvm/rubies/ruby-2.3.0/lib/ruby/2.3.0/benchmark.rb:293:in `measure'
E, [2016-09-19T20:30:34.419901 #738] ERROR -- Kitchen: /home/Student/.rvm/gems/ruby-2.3.0/gems/test-kitchen-1.13.0/lib/kitchen/instance.rb:185:in `test'
E, [2016-09-19T20:30:34.419918 #738] ERROR -- Kitchen: /home/Student/.rvm/gems/ruby-2.3.0/gems/test-kitchen-1.13.0/lib/kitchen/command.rb:201:in `public_send'
E, [2016-09-19T20:30:34.419935 #738] ERROR -- Kitchen: /home/Student/.rvm/gems/ruby-2.3.0/gems/test-kitchen-1.13.0/lib/kitchen/command.rb:201:in `run_action_in_thread'
E, [2016-09-19T20:30:34.419952 #738] ERROR -- Kitchen: /home/Student/.rvm/gems/ruby-2.3.0/gems/test-kitchen-1.13.0/lib/kitchen/command.rb:173:in `block (2 levels) in run_action'
E, [2016-09-19T20:30:34.419969 #738] ERROR -- Kitchen: ----End Backtrace-----
E, [2016-09-19T20:30:34.419986 #738] ERROR -- Kitchen: ---Nested Exception---
E, [2016-09-19T20:30:34.420002 #738] ERROR -- Kitchen: Class: Kitchen::ActionFailed
E, [2016-09-19T20:30:34.420018 #738] ERROR -- Kitchen: Message: SSH exited (1) for command: [sh -c '
TEST_KITCHEN="1"; export TEST_KITCHEN
sudo -E /opt/chef/bin/chef-solo --config /tmp/kitchen/solo.rb --log_level auto --no-color --json-attributes /tmp/kitchen/dna.json  --force-formatter
']
E, [2016-09-19T20:30:34.420035 #738] ERROR -- Kitchen: ----------------------
E, [2016-09-19T20:30:34.420068 #738] ERROR -- Kitchen: ------Backtrace-------
E, [2016-09-19T20:30:34.420084 #738] ERROR -- Kitchen: /home/Student/.rvm/gems/ruby-2.3.0/gems/test-kitchen-1.13.0/lib/kitchen/provisioner/base.rb:86:in `rescue in call'
E, [2016-09-19T20:30:34.420105 #738] ERROR -- Kitchen: /home/Student/.rvm/gems/ruby-2.3.0/gems/test-kitchen-1.13.0/lib/kitchen/provisioner/base.rb:89:in `call'
E, [2016-09-19T20:30:34.420122 #738] ERROR -- Kitchen: /home/Student/.rvm/gems/ruby-2.3.0/gems/test-kitchen-1.13.0/lib/kitchen/instance.rb:380:in `block in converge_action'
E, [2016-09-19T20:30:34.420139 #738] ERROR -- Kitchen: /home/Student/.rvm/gems/ruby-2.3.0/gems/test-kitchen-1.13.0/lib/kitchen/instance.rb:520:in `synchronize_or_call'
E, [2016-09-19T20:30:34.420156 #738] ERROR -- Kitchen: /home/Student/.rvm/gems/ruby-2.3.0/gems/test-kitchen-1.13.0/lib/kitchen/instance.rb:485:in `block in action'
E, [2016-09-19T20:30:34.420174 #738] ERROR -- Kitchen: /home/Student/.rvm/rubies/ruby-2.3.0/lib/ruby/2.3.0/benchmark.rb:293:in `measure'
E, [2016-09-19T20:30:34.420196 #738] ERROR -- Kitchen: /home/Student/.rvm/gems/ruby-2.3.0/gems/test-kitchen-1.13.0/lib/kitchen/instance.rb:484:in `action'
E, [2016-09-19T20:30:34.420214 #738] ERROR -- Kitchen: /home/Student/.rvm/gems/ruby-2.3.0/gems/test-kitchen-1.13.0/lib/kitchen/instance.rb:376:in `converge_action'
E, [2016-09-19T20:30:34.420231 #738] ERROR -- Kitchen: /home/Student/.rvm/gems/ruby-2.3.0/gems/test-kitchen-1.13.0/lib/kitchen/instance.rb:355:in `block in transition_to'
E, [2016-09-19T20:30:34.420249 #738] ERROR -- Kitchen: /home/Student/.rvm/gems/ruby-2.3.0/gems/test-kitchen-1.13.0/lib/kitchen/instance.rb:354:in `each'
E, [2016-09-19T20:30:34.420285 #738] ERROR -- Kitchen: /home/Student/.rvm/gems/ruby-2.3.0/gems/test-kitchen-1.13.0/lib/kitchen/instance.rb:354:in `transition_to'
E, [2016-09-19T20:30:34.420302 #738] ERROR -- Kitchen: /home/Student/.rvm/gems/ruby-2.3.0/gems/test-kitchen-1.13.0/lib/kitchen/instance.rb:160:in `verify'
E, [2016-09-19T20:30:34.420319 #738] ERROR -- Kitchen: /home/Student/.rvm/gems/ruby-2.3.0/gems/test-kitchen-1.13.0/lib/kitchen/instance.rb:189:in `block in test'
E, [2016-09-19T20:30:34.420336 #738] ERROR -- Kitchen: /home/Student/.rvm/rubies/ruby-2.3.0/lib/ruby/2.3.0/benchmark.rb:293:in `measure'
E, [2016-09-19T20:30:34.420353 #738] ERROR -- Kitchen: /home/Student/.rvm/gems/ruby-2.3.0/gems/test-kitchen-1.13.0/lib/kitchen/instance.rb:185:in `test'
E, [2016-09-19T20:30:34.420371 #738] ERROR -- Kitchen: /home/Student/.rvm/gems/ruby-2.3.0/gems/test-kitchen-1.13.0/lib/kitchen/command.rb:201:in `public_send'
E, [2016-09-19T20:30:34.420388 #738] ERROR -- Kitchen: /home/Student/.rvm/gems/ruby-2.3.0/gems/test-kitchen-1.13.0/lib/kitchen/command.rb:201:in `run_action_in_thread'
E, [2016-09-19T20:30:34.420415 #738] ERROR -- Kitchen: /home/Student/.rvm/gems/ruby-2.3.0/gems/test-kitchen-1.13.0/lib/kitchen/command.rb:173:in `block (2 levels) in run_action'
E, [2016-09-19T20:30:34.420433 #738] ERROR -- Kitchen: ----End Backtrace-----
