E, [2016-09-19T20:19:08.088155 #31103] ERROR -- Kitchen: ------Exception-------
E, [2016-09-19T20:19:08.088266 #31103] ERROR -- Kitchen: Class: Kitchen::UserError
E, [2016-09-19T20:19:08.088345 #31103] ERROR -- Kitchen: Message: Kitchen YAML file /home/Student/Desktop/vargant/mntlab/chef_cookbooks/java/.kitchen.yml does not exist.
E, [2016-09-19T20:19:08.088384 #31103] ERROR -- Kitchen: ----------------------
E, [2016-09-19T20:19:08.088417 #31103] ERROR -- Kitchen: ------Backtrace-------
E, [2016-09-19T20:19:08.088472 #31103] ERROR -- Kitchen: /home/Student/.rvm/gems/ruby-2.3.0/gems/test-kitchen-1.13.0/lib/kitchen/loader/yaml.rb:74:in `read'
E, [2016-09-19T20:19:08.088507 #31103] ERROR -- Kitchen: /home/Student/.rvm/gems/ruby-2.3.0/gems/test-kitchen-1.13.0/lib/kitchen/config.rb:154:in `data'
E, [2016-09-19T20:19:08.088541 #31103] ERROR -- Kitchen: /home/Student/.rvm/gems/ruby-2.3.0/gems/test-kitchen-1.13.0/lib/kitchen/config.rb:133:in `suites'
E, [2016-09-19T20:19:08.088574 #31103] ERROR -- Kitchen: /home/Student/.rvm/gems/ruby-2.3.0/gems/test-kitchen-1.13.0/lib/kitchen/config.rb:184:in `filter_instances'
E, [2016-09-19T20:19:08.088606 #31103] ERROR -- Kitchen: /home/Student/.rvm/gems/ruby-2.3.0/gems/test-kitchen-1.13.0/lib/kitchen/config.rb:143:in `build_instances'
E, [2016-09-19T20:19:08.088639 #31103] ERROR -- Kitchen: /home/Student/.rvm/gems/ruby-2.3.0/gems/test-kitchen-1.13.0/lib/kitchen/config.rb:119:in `instances'
E, [2016-09-19T20:19:08.088672 #31103] ERROR -- Kitchen: /home/Student/.rvm/gems/ruby-2.3.0/gems/test-kitchen-1.13.0/lib/kitchen/command.rb:115:in `filtered_instances'
E, [2016-09-19T20:19:08.088704 #31103] ERROR -- Kitchen: /home/Student/.rvm/gems/ruby-2.3.0/gems/test-kitchen-1.13.0/lib/kitchen/command.rb:145:in `parse_subcommand'
E, [2016-09-19T20:19:08.088737 #31103] ERROR -- Kitchen: /home/Student/.rvm/gems/ruby-2.3.0/gems/test-kitchen-1.13.0/lib/kitchen/command/list.rb:32:in `call'
E, [2016-09-19T20:19:08.088769 #31103] ERROR -- Kitchen: /home/Student/.rvm/gems/ruby-2.3.0/gems/test-kitchen-1.13.0/lib/kitchen/cli.rb:56:in `perform'
E, [2016-09-19T20:19:08.088802 #31103] ERROR -- Kitchen: /home/Student/.rvm/gems/ruby-2.3.0/gems/test-kitchen-1.13.0/lib/kitchen/cli.rb:120:in `list'
E, [2016-09-19T20:19:08.088835 #31103] ERROR -- Kitchen: /home/Student/.rvm/gems/ruby-2.3.0/gems/thor-0.19.1/lib/thor/command.rb:27:in `run'
E, [2016-09-19T20:19:08.088867 #31103] ERROR -- Kitchen: /home/Student/.rvm/gems/ruby-2.3.0/gems/thor-0.19.1/lib/thor/invocation.rb:126:in `invoke_command'
E, [2016-09-19T20:19:08.088900 #31103] ERROR -- Kitchen: /home/Student/.rvm/gems/ruby-2.3.0/gems/test-kitchen-1.13.0/lib/kitchen/cli.rb:334:in `invoke_task'
E, [2016-09-19T20:19:08.088932 #31103] ERROR -- Kitchen: /home/Student/.rvm/gems/ruby-2.3.0/gems/thor-0.19.1/lib/thor.rb:359:in `dispatch'
E, [2016-09-19T20:19:08.088965 #31103] ERROR -- Kitchen: /home/Student/.rvm/gems/ruby-2.3.0/gems/thor-0.19.1/lib/thor/base.rb:440:in `start'
E, [2016-09-19T20:19:08.088997 #31103] ERROR -- Kitchen: /home/Student/.rvm/gems/ruby-2.3.0/gems/test-kitchen-1.13.0/bin/kitchen:13:in `block in <top (required)>'
E, [2016-09-19T20:19:08.089066 #31103] ERROR -- Kitchen: /home/Student/.rvm/gems/ruby-2.3.0/gems/test-kitchen-1.13.0/lib/kitchen/errors.rb:174:in `with_friendly_errors'
E, [2016-09-19T20:19:08.089103 #31103] ERROR -- Kitchen: /home/Student/.rvm/gems/ruby-2.3.0/gems/test-kitchen-1.13.0/bin/kitchen:13:in `<top (required)>'
E, [2016-09-19T20:19:08.089136 #31103] ERROR -- Kitchen: /home/Student/.rvm/gems/ruby-2.3.0/bin/kitchen:23:in `load'
E, [2016-09-19T20:19:08.089167 #31103] ERROR -- Kitchen: /home/Student/.rvm/gems/ruby-2.3.0/bin/kitchen:23:in `<main>'
E, [2016-09-19T20:19:08.089199 #31103] ERROR -- Kitchen: /home/Student/.rvm/gems/ruby-2.3.0/bin/ruby_executable_hooks:15:in `eval'
E, [2016-09-19T20:19:08.089231 #31103] ERROR -- Kitchen: /home/Student/.rvm/gems/ruby-2.3.0/bin/ruby_executable_hooks:15:in `<main>'
E, [2016-09-19T20:19:08.089263 #31103] ERROR -- Kitchen: ----End Backtrace-----
